[debug] > Exec(early(addDefaultCommands), None, None)
[debug] > Exec(addDefaultCommands, None, None)
[debug] > Exec(early(initialize), None, None)
[debug] > Exec(initialize, None, None)
[debug] > Exec(early(addPluginSbtFile="""C:\Users\LAPTOP\AppData\Local\Temp\idea.sbt"""), None, None)
[debug] > Exec(addPluginSbtFile="""C:\Users\LAPTOP\AppData\Local\Temp\idea.sbt""", None, None)
[debug] > Exec(boot, None, None)
[debug] > Exec(writeSbtVersion, None, None)
[debug] > Exec(reload, None, None)
[debug] > Exec(sbtStashOnFailure, None, None)
[debug] > Exec(onFailure loadFailed, None, None)
[debug] > Exec(loadp, None, None)
[info] welcome to sbt 1.10.6 (Microsoft Java 17.0.8.1)
[debug]       Load.loadUnit: plugins took 82.2416ms
[debug]       Load.loadUnit: defsScala took 0.2907ms
[debug] [Loading] Scanning directory C:\Users\LAPTOP\.sbt\1.0\plugins
[debug] [Loading] Found non-root projects 
[debug] [Loading] Done in C:\Users\LAPTOP\.sbt\1.0\plugins, returning: ()
[debug] deducing auto plugins based on known facts Set(Atom(sbt.plugins.CorePlugin)) and clauses Clauses(Clause(Atom(sbt.plugins.JvmPlugin),Set(Atom(sbt.plugins.IvyPlugin)))
[debug] Clause(Atom(sbt.ScriptedPlugin),Set(Atom(sbt.plugins.JvmPlugin)))
[debug] Clause(Atom(sbt.plugins.SbtPlugin),Set(Atom(sbt.ScriptedPlugin)))
[debug] Clause(Atom(sbt.plugins.SemanticdbPlugin),Set(Atom(sbt.plugins.JvmPlugin)))
[debug] Clause(Atom(sbt.plugins.JUnitXmlReportPlugin),Set(Atom(sbt.plugins.JvmPlugin)))
[debug] Clause(Atom(sbt.plugins.MiniDependencyTreePlugin),Set(Atom(sbt.plugins.JvmPlugin)))
[debug] Clause(Atom(sbt.plugins.CorePlugin),Set(Atom(sbt.plugins.IvyPlugin)))
[debug] Clause(Atom(sbt.plugins.IvyPlugin),Set(Atom(sbt.plugins.JvmPlugin)))
[debug] Clause(Atom(sbt.plugins.JvmPlugin),Set(Atom(sbt.plugins.SemanticdbPlugin)))
[debug] Clause(Atom(sbt.plugins.JvmPlugin),Set(Atom(sbt.plugins.JUnitXmlReportPlugin)))
[debug] Clause(Atom(sbt.plugins.CorePlugin),Set(Atom(sbt.plugins.Giter8TemplatePlugin)))
[debug] Clause(Atom(sbt.plugins.JvmPlugin),Set(Atom(sbt.plugins.MiniDependencyTreePlugin))))
[debug]   :: deduced result: Matched(sbt.plugins.CorePlugin,sbt.plugins.Giter8TemplatePlugin,sbt.plugins.IvyPlugin,sbt.plugins.JvmPlugin,sbt.plugins.MiniDependencyTreePlugin,sbt.plugins.JUnitXmlReportPlugin,sbt.plugins.SemanticdbPlugin)
[debug] Plugins.deducer#function took 15.6124 ms
[debug]           Load.resolveProject(global-plugins) took 48.905ms
[debug]         Load.loadTransitive: finalizeProject(Project(id global-plugins, base: C:\Users\LAPTOP\.sbt\1.0\plugins, plugins: List(<none>))) took 81.4605ms
[debug] [Loading] Done in C:\Users\LAPTOP\.sbt\1.0\plugins, returning: (global-plugins)
[debug]       Load.loadUnit: loadedProjectsRaw took 104.1008ms
[debug]       Load.loadUnit: cleanEvalClasses took 0.1962ms
[debug]     Load.loadUnit(file:/C:/Users/LAPTOP/.sbt/1.0/plugins/, ...) took 196.4896ms
[debug]   Load.apply: load took 369.7288ms
[debug]   Load.apply: resolveProjects took 5.9606ms
[debug]   Load.apply: finalTransforms took 46.686ms
[debug]   Load.apply: config.delegates took 10.3191ms
[debug]   Load.apply: Def.make(settings)... took 317.3508ms
[debug]   Load.apply: structureIndex took 77.5026ms
[debug]   Load.apply: mkStreams took 1.0237ms
[info] loading global plugins from C:\Users\LAPTOP\.sbt\1.0\plugins
[debug] Running task... Cancel: Signal, check cycles: false, forcegc: true
[debug] Load.defaultLoad until apply took 1863.3556ms
[debug]           Load.loadUnit: plugins took 13.3564ms
[debug]           Load.loadUnit: defsScala took 0.0033ms
[debug] [Loading] Scanning directory D:\Aalto\CS\CS-E4800 - Artificial Intelligence D\gmk-scala\project
[debug]             Load.loadUnit: mkEval took 5.0677ms
[debug] [Loading] Found non-root projects 
[debug] [Loading] Done in D:\Aalto\CS\CS-E4800 - Artificial Intelligence D\gmk-scala\project, returning: ()
[debug] deducing auto plugins based on known facts Set(Atom(sbt.plugins.CorePlugin)) and clauses Clauses(Clause(Atom(sbt.plugins.JvmPlugin),Set(Atom(sbt.plugins.IvyPlugin)))
[debug] Clause(Atom(sbt.ScriptedPlugin),Set(Atom(sbt.plugins.JvmPlugin)))
[debug] Clause(Atom(sbt.plugins.SbtPlugin),Set(Atom(sbt.ScriptedPlugin)))
[debug] Clause(Atom(sbt.plugins.SemanticdbPlugin),Set(Atom(sbt.plugins.JvmPlugin)))
[debug] Clause(Atom(sbt.plugins.JUnitXmlReportPlugin),Set(Atom(sbt.plugins.JvmPlugin)))
[debug] Clause(Atom(sbt.plugins.MiniDependencyTreePlugin),Set(Atom(sbt.plugins.JvmPlugin)))
[debug] Clause(Atom(sbt.plugins.CorePlugin),Set(Atom(sbt.plugins.IvyPlugin)))
[debug] Clause(Atom(sbt.plugins.IvyPlugin),Set(Atom(sbt.plugins.JvmPlugin)))
[debug] Clause(Atom(sbt.plugins.JvmPlugin),Set(Atom(sbt.plugins.SemanticdbPlugin)))
[debug] Clause(Atom(sbt.plugins.JvmPlugin),Set(Atom(sbt.plugins.JUnitXmlReportPlugin)))
[debug] Clause(Atom(sbt.plugins.CorePlugin),Set(Atom(sbt.plugins.Giter8TemplatePlugin)))
[debug] Clause(Atom(sbt.plugins.JvmPlugin),Set(Atom(sbt.plugins.MiniDependencyTreePlugin))))
[debug]   :: deduced result: Matched(sbt.plugins.CorePlugin,sbt.plugins.Giter8TemplatePlugin,sbt.plugins.IvyPlugin,sbt.plugins.JvmPlugin,sbt.plugins.MiniDependencyTreePlugin,sbt.plugins.JUnitXmlReportPlugin,sbt.plugins.SemanticdbPlugin)
[debug] Plugins.deducer#function took 1.2584 ms
[info] loading settings for project gmk-scala-build from idea.sbt...
[debug]               Load.resolveProject(gmk-scala-build) took 2.2145ms
[debug]             Load.loadTransitive: finalizeProject(Project(id gmk-scala-build, base: D:\Aalto\CS\CS-E4800 - Artificial Intelligence D\gmk-scala\project, plugins: List(<none>))) took 3.8913ms
[debug] [Loading] Done in D:\Aalto\CS\CS-E4800 - Artificial Intelligence D\gmk-scala\project, returning: (gmk-scala-build)
[debug]           Load.loadUnit: loadedProjectsRaw took 116.6274ms
[debug]           Load.loadUnit: cleanEvalClasses took 3.4108ms
[debug]         Load.loadUnit(file:/D:/Aalto/CS/CS-E4800%20-%20Artificial%20Intelligence%20D/gmk-scala/project/, ...) took 134.0327ms
[debug]       Load.apply: load took 135.098ms
[debug]       Load.apply: resolveProjects took 0.1018ms
[debug]       Load.apply: finalTransforms took 6.9003ms
[debug]       Load.apply: config.delegates took 0.2666ms
[debug]       Load.apply: Def.make(settings)... took 46.8605ms
[debug]       Load.apply: structureIndex took 17.2765ms
[debug]       Load.apply: mkStreams took 0.002ms
[info] loading project definition from D:\Aalto\CS\CS-E4800 - Artificial Intelligence D\gmk-scala\project
[debug] Running task... Cancel: Signal, check cycles: false, forcegc: true
[debug]     Load.loadUnit: plugins took 941.887ms
[debug]     Load.loadUnit: defsScala took 0.0022ms
[debug] [Loading] Scanning directory D:\Aalto\CS\CS-E4800 - Artificial Intelligence D\gmk-scala
[debug]       Load.loadUnit: mkEval took 0.1695ms
[debug] [Loading] Found root project root w/ remaining 
[debug] deducing auto plugins based on known facts Set(Atom(sbt.plugins.CorePlugin)) and clauses Clauses(Clause(Atom(sbt.plugins.JvmPlugin),Set(Atom(sbt.plugins.IvyPlugin)))
[debug] Clause(Atom(sbt.ScriptedPlugin),Set(Atom(sbt.plugins.JvmPlugin)))
[debug] Clause(Atom(sbt.plugins.SbtPlugin),Set(Atom(sbt.ScriptedPlugin)))
[debug] Clause(Atom(sbt.plugins.SemanticdbPlugin),Set(Atom(sbt.plugins.JvmPlugin)))
[debug] Clause(Atom(sbt.plugins.JUnitXmlReportPlugin),Set(Atom(sbt.plugins.JvmPlugin)))
[debug] Clause(Atom(sbt.plugins.MiniDependencyTreePlugin),Set(Atom(sbt.plugins.JvmPlugin)))
[debug] Clause(Atom(org.jetbrains.sbt.StructurePlugin),Set(Atom(sbt.plugins.JvmPlugin)))
[debug] Clause(Atom(org.jetbrains.sbt.IdeaShellPlugin),Set(Atom(sbt.plugins.JvmPlugin)))
[debug] Clause(Atom(sbt.plugins.CorePlugin),Set(Atom(sbt.plugins.IvyPlugin)))
[debug] Clause(Atom(sbt.plugins.IvyPlugin),Set(Atom(sbt.plugins.JvmPlugin)))
[debug] Clause(Atom(sbt.plugins.JvmPlugin),Set(Atom(sbt.plugins.SemanticdbPlugin)))
[debug] Clause(Atom(sbt.plugins.JvmPlugin),Set(Atom(sbt.plugins.JUnitXmlReportPlugin)))
[debug] Clause(Atom(sbt.plugins.CorePlugin),Set(Atom(sbt.plugins.Giter8TemplatePlugin)))
[debug] Clause(Atom(sbt.plugins.JvmPlugin),Set(Atom(sbt.plugins.MiniDependencyTreePlugin)))
[debug] Clause(Atom(sbt.plugins.JvmPlugin),Set(Atom(org.jetbrains.sbt.StructurePlugin)))
[debug] Clause(Atom(sbt.plugins.JvmPlugin),Set(Atom(org.jetbrains.sbt.IdeaShellPlugin))))
[debug]   :: deduced result: Matched(sbt.plugins.CorePlugin,sbt.plugins.Giter8TemplatePlugin,sbt.plugins.IvyPlugin,sbt.plugins.JvmPlugin,sbt.plugins.SemanticdbPlugin,sbt.plugins.JUnitXmlReportPlugin,org.jetbrains.sbt.IdeaShellPlugin,org.jetbrains.sbt.StructurePlugin,sbt.plugins.MiniDependencyTreePlugin)
[debug] Plugins.deducer#function took 1.2612 ms
[info] loading settings for project root from build.sbt...
[debug]         Load.resolveProject(root) took 21.8095ms
[debug]       Load.loadTransitive: finalizeProject(Project(id root, base: D:\Aalto\CS\CS-E4800 - Artificial Intelligence D\gmk-scala, plugins: List(<none>))) took 24.111ms
[debug] [Loading] Done in D:\Aalto\CS\CS-E4800 - Artificial Intelligence D\gmk-scala, returning: (root)
[debug]     Load.loadUnit: loadedProjectsRaw took 2239.7505ms
[debug]     Load.loadUnit: cleanEvalClasses took 11.7735ms
[debug]   Load.loadUnit(file:/D:/Aalto/CS/CS-E4800%20-%20Artificial%20Intelligence%20D/gmk-scala/, ...) took 3194.0126ms
[debug] Load.apply: load took 3195.284ms
[debug] Load.apply: resolveProjects took 0.0857ms
[debug] Load.apply: finalTransforms took 22.5571ms
[debug] Load.apply: config.delegates took 0.2487ms
[debug] Load.apply: Def.make(settings)... took 43.2891ms
[debug] Load.apply: structureIndex took 15.4493ms
[debug] Load.apply: mkStreams took 0.002ms
[info] set current project to gmk-scala (in build file:/D:/Aalto/CS/CS-E4800%20-%20Artificial%20Intelligence%20D/gmk-scala/)
[debug] > Exec(sbtPopOnFailure, None, None)
[debug] > Exec(resumeFromFailure, None, None)
[debug] > Exec(notifyUsersAboutShell, None, None)
[debug] > Exec(iflast shell, None, None)
[debug] > Exec(idea-shell, None, None)
